#
# A fatal error has been detected by the Java Runtime Environment:
#
#  EXCEPTION_ACCESS_VIOLATION (0xc0000005) at pc=0x6142757e, pid=13272, tid=0x00002894
#
# JRE version: Java(TM) SE Runtime Environment (8.0_191-b12) (build 1.8.0_191-b12)
# Java VM: Java HotSpot(TM) Client VM (25.191-b12 mixed mode windows-x86 )
# Problematic frame:
# V  [jvm.dll+0xe757e]
#
# Failed to write core dump. Minidumps are not enabled by default on client versions of Windows
#
# If you would like to submit a bug report, please visit:
#   http://bugreport.java.com/bugreport/crash.jsp
#

---------------  T H R E A D  ---------------

Current thread (0x296d5800):  JavaThread "EventThread COM7" [_thread_in_vm, id=10388, stack(0x02480000,0x024d0000)]

siginfo: ExceptionCode=0xc0000005, reading address 0x00000000

Registers:
EAX=0x00000000, EBX=0x009bbb98, ECX=0x296d5800, EDX=0x0000009f
ESP=0x024ce66c, EBP=0x024ce688, ESI=0x00000000, EDI=0x296d5800
EIP=0x6142757e, EFLAGS=0x00010246

Top of Stack: (sp=0x024ce66c)
0x024ce66c:   024ce6a4 296d5940 009bbb98 296d5800
0x024ce67c:   2760c284 0000009f 61625568 024cefb8
0x024ce68c:   6400183d 296d5940 00000000 00000000
0x024ce69c:   000008c2 024ce6a4 00209202 48c00419
0x024ce6ac:   14490100 4040c900 a4200049 0816a440
0x024ce6bc:   98000290 03320021 01244801 24202149
0x024ce6cc:   004d2024 48280491 004b0111 89010b92
0x024ce6dc:   2c010a26 020c4014 24140c40 14440101 

Instructions: (pc=0x6142757e)
0x6142755e:   c4 08 83 7f 04 00 89 7d f0 c7 45 f4 00 00 00 00
0x6142756e:   74 08 8d 4d f0 e8 e8 34 0c 00 8b 75 10 8b 45 0c
0x6142757e:   8b 10 85 f6 78 32 8b 45 14 85 c0 78 2b 8d 0c 06
0x6142758e:   3b 4a 08 77 23 85 c0 7e 3b 8b 4a 04 8b 49 04 83 


Register to memory mapping:

EAX=0x00000000 is an unknown value
EBX=0x009bbb98 is an unknown value
ECX=0x296d5800 is a thread
EDX=0x0000009f is an unknown value
ESP=0x024ce66c is pointing into the stack for thread: 0x296d5800
EBP=0x024ce688 is pointing into the stack for thread: 0x296d5800
ESI=0x00000000 is an unknown value
EDI=0x296d5800 is a thread


Stack: [0x02480000,0x024d0000],  sp=0x024ce66c,  free space=313k
Native frames: (J=compiled Java code, j=interpreted, Vv=VM code, C=native code)
V  [jvm.dll+0xe757e]
C  [jSSC-2.8_x86.dll+0x183d]
J 2506  jssc.SerialNativeInterface.readBytes(JI)[B (0 bytes) @ 0x02a238a5 [0x02a23810+0x95]
J 2421 C1 processing.app.Serial.serialEvent(Ljssc/SerialPortEvent;)V (195 bytes) @ 0x02a08774 [0x02a08640+0x134]
J 2978 C1 jssc.SerialPort$EventThread.run()V (84 bytes) @ 0x02af9a58 [0x02af98f0+0x168]
v  ~StubRoutines::call_stub
V  [jvm.dll+0x15c315]
V  [jvm.dll+0x223ece]
V  [jvm.dll+0x15c3ae]
V  [jvm.dll+0x15c536]
V  [jvm.dll+0x15c5a7]
V  [jvm.dll+0x1002ef]
V  [jvm.dll+0x17f550]
V  [jvm.dll+0x17fdca]
V  [jvm.dll+0x1c57a6]
C  [msvcr100.dll+0x5c556]
C  [msvcr100.dll+0x5c600]
C  [KERNEL32.DLL+0x16359]
C  [ntdll.dll+0x67c24]
C  [ntdll.dll+0x67bf4]
C  0x00000000

Java frames: (J=compiled Java code, j=interpreted, Vv=VM code)
J 2506  jssc.SerialNativeInterface.readBytes(JI)[B (0 bytes) @ 0x02a23861 [0x02a23810+0x51]
J 2421 C1 processing.app.Serial.serialEvent(Ljssc/SerialPortEvent;)V (195 bytes) @ 0x02a08774 [0x02a08640+0x134]
J 2978 C1 jssc.SerialPort$EventThread.run()V (84 bytes) @ 0x02af9a58 [0x02af98f0+0x168]
v  ~StubRoutines::call_stub

---------------  P R O C E S S  ---------------

Java Threads: ( => current thread )
=>0x296d5800 JavaThread "EventThread COM7" [_thread_in_vm, id=10388, stack(0x02480000,0x024d0000)]
  0x296d6800 JavaThread "DestroyJavaVM" [_thread_blocked, id=5580, stack(0x00df0000,0x00e40000)]
  0x27aea000 JavaThread "TimerQueue" daemon [_thread_blocked, id=15560, stack(0x2a980000,0x2a9d0000)]
  0x27aebc00 JavaThread "Batik CleanerThread" daemon [_thread_blocked, id=10216, stack(0x290d0000,0x29120000)]
  0x27aeac00 JavaThread "AWT-EventQueue-0" [_thread_blocked, id=13780, stack(0x29000000,0x29050000)]
  0x27aeb400 JavaThread "AWT-Shutdown" [_thread_blocked, id=13728, stack(0x28640000,0x28690000)]
  0x279e9c00 JavaThread "JmDNS(192-168-1-22.local.).State.Timer" [_thread_blocked, id=5772, stack(0x28d30000,0x28d80000)]
  0x279ecc00 JavaThread "JmDNS(192-168-1-22.local.).Timer" daemon [_thread_blocked, id=14876, stack(0x28ca0000,0x28cf0000)]
  0x279e9800 JavaThread "SocketListener(192-168-1-22.local.)" daemon [_thread_in_native, id=15388, stack(0x28c10000,0x28c60000)]
  0x2791c400 JavaThread "Multihomed mDNS.Timer" daemon [_thread_blocked, id=14388, stack(0x266e0000,0x26730000)]
  0x27960000 JavaThread "cc.arduino.packages.discoverers.serial.SerialDiscovery" [_thread_blocked, id=16336, stack(0x286d0000,0x28720000)]
  0x2628e400 JavaThread "AWT-Windows" daemon [_thread_blocked, id=7368, stack(0x26770000,0x267c0000)]
  0x2628d000 JavaThread "Java2D Disposer" daemon [_thread_blocked, id=10824, stack(0x26650000,0x266a0000)]
  0x25aeb000 JavaThread "Service Thread" daemon [_thread_blocked, id=6960, stack(0x25ef0000,0x25f40000)]
  0x25ace000 JavaThread "C1 CompilerThread0" daemon [_thread_blocked, id=9964, stack(0x25e60000,0x25eb0000)]
  0x25acbc00 JavaThread "Attach Listener" daemon [_thread_blocked, id=8960, stack(0x25dd0000,0x25e20000)]
  0x25ac9c00 JavaThread "Signal Dispatcher" daemon [_thread_blocked, id=15404, stack(0x24ed0000,0x24f20000)]
  0x25aad000 JavaThread "Finalizer" daemon [_thread_blocked, id=8660, stack(0x24e40000,0x24e90000)]
  0x25aa7400 JavaThread "Reference Handler" daemon [_thread_blocked, id=11616, stack(0x24db0000,0x24e00000)]

Other Threads:
  0x25a91000 VMThread [stack: 0x02590000,0x025e0000] [id=12448]
  0x25af6000 WatcherThread [stack: 0x25f80000,0x25fd0000] [id=11128]

VM state:synchronizing (normal execution)

VM Mutex/Monitor currently owned by a thread:  ([mutex/lock_event])
[0x025fe9d0] Threads_lock - owner thread: 0x25a91000
[0x025fe7c8] Heap_lock - owner thread: 0x27960000

Heap:
 def new generation   total 157248K, used 157247K [0x04800000, 0x0f2a0000, 0x0f2a0000)
  eden space 139776K, 100% used [0x04800000, 0x0d080000, 0x0d080000)
  from space 17472K,  99% used [0x0d080000, 0x0e18ffe8, 0x0e190000)
  to   space 17472K,   0% used [0x0e190000, 0x0e190000, 0x0f2a0000)
 tenured generation   total 349568K, used 349567K [0x0f2a0000, 0x24800000, 0x24800000)
   the space 349568K,  99% used [0x0f2a0000, 0x247ffff8, 0x24800000, 0x24800000)
 Metaspace       used 25744K, capacity 26377K, committed 26752K, reserved 27008K

Card table byte_map: [0x24800000,0x24910000] byte_map_base: 0x247dc000

Polling page: 0x00970000

CodeCache: size=32768Kb used=3086Kb max_used=5225Kb free=29681Kb
 bounds [0x02600000, 0x02b20000, 0x04600000]
 total_blobs=1962 nmethods=1665 adapters=226
 compilation: enabled

Compilation events (10 events):
Event: 403.206 Thread 0x25ace000 4765  s          java.nio.charset.CoderResult$Cache::get (109 bytes)
Event: 403.206 Thread 0x25ace000 nmethod 4765 0x02af2dc8 code [0x02af2f20, 0x02af3370]
Event: 405.267 Thread 0x25ace000 4766             java.nio.charset.CoderResult$Cache::access$200 (6 bytes)
Event: 405.267 Thread 0x25ace000 nmethod 4766 0x028c8308 code [0x028c8400, 0x028c848c]
Event: 407.596 Thread 0x25ace000 4767             java.nio.HeapCharBuffer::put (16 bytes)
Event: 407.596 Thread 0x25ace000 nmethod 4767 0x028d2308 code [0x028d2410, 0x028d251c]
Event: 407.597 Thread 0x25ace000 4768             java.nio.HeapCharBuffer::isReadOnly (2 bytes)
Event: 407.597 Thread 0x25ace000 nmethod 4768 0x02903508 code [0x02903600, 0x02903680]
Event: 409.747 Thread 0x25ace000 4769             sun.nio.cs.UTF_8$Decoder::malformedN (192 bytes)
Event: 409.747 Thread 0x25ace000 nmethod 4769 0x0286a848 code [0x0286a9e0, 0x0286ad08]

GC Heap History (10 events):
Event: 420.368 GC heap before
{Heap before GC invocations=66 (full 47):
 def new generation   total 157248K, used 157248K [0x04800000, 0x0f2a0000, 0x0f2a0000)
  eden space 139776K, 100% used [0x04800000, 0x0d080000, 0x0d080000)
  from space 17472K, 100% used [0x0d080000, 0x0e190000, 0x0e190000)
  to   space 17472K,   0% used [0x0e190000, 0x0e190000, 0x0f2a0000)
 tenured generation   total 349568K, used 349567K [0x0f2a0000, 0x24800000, 0x24800000)
   the space 349568K,  99% used [0x0f2a0000, 0x247ffff8, 0x24800000, 0x24800000)
 Metaspace       used 25744K, capacity 26377K, committed 26752K, reserved 27008K
Event: 420.862 GC heap after
Heap after GC invocations=67 (full 48):
 def new generation   total 157248K, used 157246K [0x04800000, 0x0f2a0000, 0x0f2a0000)
  eden space 139776K, 100% used [0x04800000, 0x0d080000, 0x0d080000)
  from space 17472K,  99% used [0x0d080000, 0x0e18fa20, 0x0e190000)
  to   space 17472K,   0% used [0x0e190000, 0x0e190000, 0x0f2a0000)
 tenured generation   total 349568K, used 349567K [0x0f2a0000, 0x24800000, 0x24800000)
   the space 349568K,  99% used [0x0f2a0000, 0x247ffff8, 0x24800000, 0x24800000)
 Metaspace       used 25744K, capacity 26377K, committed 26752K, reserved 27008K
}
Event: 420.862 GC heap before
{Heap before GC invocations=67 (full 48):
 def new generation   total 157248K, used 157247K [0x04800000, 0x0f2a0000, 0x0f2a0000)
  eden space 139776K, 100% used [0x04800000, 0x0d080000, 0x0d080000)
  from space 17472K,  99% used [0x0d080000, 0x0e18ff78, 0x0e190000)
  to   space 17472K,   0% used [0x0e190000, 0x0e190000, 0x0f2a0000)
 tenured generation   total 349568K, used 349567K [0x0f2a0000, 0x24800000, 0x24800000)
   the space 349568K,  99% used [0x0f2a0000, 0x247ffff8, 0x24800000, 0x24800000)
 Metaspace       used 25744K, capacity 26377K, committed 26752K, reserved 27008K
Event: 421.359 GC heap after
Heap after GC invocations=68 (full 49):
 def new generation   total 157248K, used 157246K [0x04800000, 0x0f2a0000, 0x0f2a0000)
  eden space 139776K,  99% used [0x04800000, 0x0d07fff0, 0x0d080000)
  from space 17472K,  99% used [0x0d080000, 0x0e18fa98, 0x0e190000)
  to   space 17472K,   0% used [0x0e190000, 0x0e190000, 0x0f2a0000)
 tenured generation   total 349568K, used 349567K [0x0f2a0000, 0x24800000, 0x24800000)
   the space 349568K,  99% used [0x0f2a0000, 0x247ffff8, 0x24800000, 0x24800000)
 Metaspace       used 25744K, capacity 26377K, committed 26752K, reserved 27008K
}
Event: 421.359 GC heap before
{Heap before GC invocations=68 (full 49):
 def new generation   total 157248K, used 157248K [0x04800000, 0x0f2a0000, 0x0f2a0000)
  eden space 139776K, 100% used [0x04800000, 0x0d080000, 0x0d080000)
  from space 17472K, 100% used [0x0d080000, 0x0e190000, 0x0e190000)
  to   space 17472K,   0% used [0x0e190000, 0x0e190000, 0x0f2a0000)
 tenured generation   total 349568K, used 349567K [0x0f2a0000, 0x24800000, 0x24800000)
   the space 349568K,  99% used [0x0f2a0000, 0x247ffff8, 0x24800000, 0x24800000)
 Metaspace       used 25744K, capacity 26377K, committed 26752K, reserved 27008K
Event: 421.867 GC heap after
Heap after GC invocations=69 (full 50):
 def new generation   total 157248K, used 157246K [0x04800000, 0x0f2a0000, 0x0f2a0000)
  eden space 139776K,  99% used [0x04800000, 0x0d07fff0, 0x0d080000)
  from space 17472K,  99% used [0x0d080000, 0x0e18f898, 0x0e190000)
  to   space 17472K,   0% used [0x0e190000, 0x0e190000, 0x0f2a0000)
 tenured generation   total 349568K, used 349567K [0x0f2a0000, 0x24800000, 0x24800000)
   the space 349568K,  99% used [0x0f2a0000, 0x247ffff8, 0x24800000, 0x24800000)
 Metaspace       used 25744K, capacity 26377K, committed 26752K, reserved 27008K
}
Event: 421.867 GC heap before
{Heap before GC invocations=69 (full 50):
 def new generation   total 157248K, used 157246K [0x04800000, 0x0f2a0000, 0x0f2a0000)
  eden space 139776K, 100% used [0x04800000, 0x0d080000, 0x0d080000)
  from space 17472K,  99% used [0x0d080000, 0x0e18fbd0, 0x0e190000)
  to   space 17472K,   0% used [0x0e190000, 0x0e190000, 0x0f2a0000)
 tenured generation   total 349568K, used 349567K [0x0f2a0000, 0x24800000, 0x24800000)
   the space 349568K,  99% used [0x0f2a0000, 0x247ffff8, 0x24800000, 0x24800000)
 Metaspace       used 25744K, capacity 26377K, committed 26752K, reserved 27008K
Event: 422.381 GC heap after
Heap after GC invocations=70 (full 51):
 def new generation   total 157248K, used 157246K [0x04800000, 0x0f2a0000, 0x0f2a0000)
  eden space 139776K, 100% used [0x04800000, 0x0d080000, 0x0d080000)
  from space 17472K,  99% used [0x0d080000, 0x0e18fab8, 0x0e190000)
  to   space 17472K,   0% used [0x0e190000, 0x0e190000, 0x0f2a0000)
 tenured generation   total 349568K, used 349567K [0x0f2a0000, 0x24800000, 0x24800000)
   the space 349568K,  99% used [0x0f2a0000, 0x247ffff8, 0x24800000, 0x24800000)
 Metaspace       used 25744K, capacity 26377K, committed 26752K, reserved 27008K
}
Event: 422.381 GC heap before
{Heap before GC invocations=70 (full 51):
 def new generation   total 157248K, used 157246K [0x04800000, 0x0f2a0000, 0x0f2a0000)
  eden space 139776K, 100% used [0x04800000, 0x0d080000, 0x0d080000)
  from space 17472K,  99% used [0x0d080000, 0x0e18fab8, 0x0e190000)
  to   space 17472K,   0% used [0x0e190000, 0x0e190000, 0x0f2a0000)
 tenured generation   total 349568K, used 349567K [0x0f2a0000, 0x24800000, 0x24800000)
   the space 349568K,  99% used [0x0f2a0000, 0x247ffff8, 0x24800000, 0x24800000)
 Metaspace       used 25744K, capacity 26377K, committed 26752K, reserved 27008K
Event: 422.885 GC heap after
Heap after GC invocations=71 (full 52):
 def new generation   total 157248K, used 157246K [0x04800000, 0x0f2a0000, 0x0f2a0000)
  eden space 139776K, 100% used [0x04800000, 0x0d080000, 0x0d080000)
  from space 17472K,  99% used [0x0d080000, 0x0e18fab8, 0x0e190000)
  to   space 17472K,   0% used [0x0e190000, 0x0e190000, 0x0f2a0000)
 tenured generation   total 349568K, used 349567K [0x0f2a0000, 0x24800000, 0x24800000)
   the space 349568K,  99% used [0x0f2a0000, 0x247ffff8, 0x24800000, 0x24800000)
 Metaspace       used 25744K, capacity 26377K, committed 26752K, reserved 27008K
}

Deoptimization events (0 events):
No events

Classes redefined (0 events):
No events

Internal exceptions (10 events):
Event: 344.890 Thread 0x296d7800 Exception <a 'sun/nio/fs/WindowsException'> (0x06bc6950) thrown at [C:\workspace\8-2-build-windows-i586-cygwin\jdk8u191\11896\hotspot\src\share\vm\prims\jni.cpp, line 709]
Event: 344.890 Thread 0x296d7800 Exception <a 'sun/nio/fs/WindowsException'> (0x06bc6f98) thrown at [C:\workspace\8-2-build-windows-i586-cygwin\jdk8u191\11896\hotspot\src\share\vm\prims\jni.cpp, line 709]
Event: 385.102 Thread 0x27960000 Exception <a 'java/io/IOException'> (0x06a6b998) thrown at [C:\workspace\8-2-build-windows-i586-cygwin\jdk8u191\11896\hotspot\src\share\vm\prims\jni.cpp, line 709]
Event: 385.102 Thread 0x27960000 Exception <a 'java/io/IOException'> (0x06a6be10) thrown at [C:\workspace\8-2-build-windows-i586-cygwin\jdk8u191\11896\hotspot\src\share\vm\prims\jni.cpp, line 709]
Event: 386.130 Thread 0x27960000 Exception <a 'java/io/IOException'> (0x06b0fa00) thrown at [C:\workspace\8-2-build-windows-i586-cygwin\jdk8u191\11896\hotspot\src\share\vm\prims\jni.cpp, line 709]
Event: 386.130 Thread 0x27960000 Exception <a 'java/io/IOException'> (0x06b0fe28) thrown at [C:\workspace\8-2-build-windows-i586-cygwin\jdk8u191\11896\hotspot\src\share\vm\prims\jni.cpp, line 709]
Event: 386.131 Thread 0x27960000 Exception <a 'java/io/IOException'> (0x06b10ed0) thrown at [C:\workspace\8-2-build-windows-i586-cygwin\jdk8u191\11896\hotspot\src\share\vm\prims\jni.cpp, line 709]
Event: 386.131 Thread 0x27960000 Exception <a 'java/io/IOException'> (0x06b112f8) thrown at [C:\workspace\8-2-build-windows-i586-cygwin\jdk8u191\11896\hotspot\src\share\vm\prims\jni.cpp, line 709]
Event: 419.869 Thread 0x279e9c00 Exception <a 'java/lang/OutOfMemoryError'> (0x0f331310) thrown at [C:\workspace\8-2-build-windows-i586-cygwin\jdk8u191\11896\hotspot\src\share\vm\gc_interface/collectedHeap.inline.hpp, line 159]
Event: 422.886 Thread 0x296d5800 Exception <a 'java/lang/OutOfMemoryError'> (0x0f3312f0) thrown at [C:\workspace\8-2-build-windows-i586-cygwin\jdk8u191\11896\hotspot\src\share\vm\gc_interface/collectedHeap.inline.hpp, line 159]

Events (10 events):
Event: 420.367 Executing VM operation: GenCollectForAllocation done
Event: 420.367 Executing VM operation: GenCollectForAllocation
Event: 420.862 Executing VM operation: GenCollectForAllocation done
Event: 420.862 Executing VM operation: GenCollectForAllocation
Event: 421.359 Executing VM operation: GenCollectForAllocation done
Event: 421.359 Executing VM operation: GenCollectForAllocation
Event: 421.867 Executing VM operation: GenCollectForAllocation done
Event: 421.867 Executing VM operation: GenCollectForAllocation
Event: 422.885 Executing VM operation: GenCollectForAllocation done
Event: 422.886 Executing VM operation: GenCollectForAllocation


Dynamic libraries:
0x00e40000 - 0x00e73000 	C:\Program Files (x86)\Arduino\java\bin\javaw.exe
0x77b70000 - 0x77d0a000 	C:\Windows\SYSTEM32\ntdll.dll
0x76fc0000 - 0x770a0000 	C:\Windows\System32\KERNEL32.DLL
0x778b0000 - 0x77aaf000 	C:\Windows\System32\KERNELBASE.dll
0x75980000 - 0x759f9000 	C:\Windows\System32\ADVAPI32.dll
0x761c0000 - 0x7627f000 	C:\Windows\System32\msvcrt.dll
0x76b90000 - 0x76c06000 	C:\Windows\System32\sechost.dll
0x75560000 - 0x7561b000 	C:\Windows\System32\RPCRT4.dll
0x75330000 - 0x75355000 	C:\Windows\System32\SspiCli.dll
0x75320000 - 0x7532a000 	C:\Windows\System32\CRYPTBASE.dll
0x75ff0000 - 0x7604f000 	C:\Windows\System32\bcryptPrimitives.dll
0x76c10000 - 0x76da7000 	C:\Windows\System32\USER32.dll
0x762d0000 - 0x762e7000 	C:\Windows\System32\win32u.dll
0x76a40000 - 0x76a61000 	C:\Windows\System32\GDI32.dll
0x76050000 - 0x761ac000 	C:\Windows\System32\gdi32full.dll
0x75620000 - 0x7569c000 	C:\Windows\System32\msvcp_win.dll
0x76a70000 - 0x76b90000 	C:\Windows\System32\ucrtbase.dll
0x63020000 - 0x6322f000 	C:\Windows\WinSxS\x86_microsoft.windows.common-controls_6595b64144ccf1df_6.0.18362.1139_none_e62929aaf8dc83cc\COMCTL32.dll
0x756a0000 - 0x75915000 	C:\Windows\System32\combase.dll
0x75eb0000 - 0x75ed5000 	C:\Windows\System32\IMM32.DLL
0x61720000 - 0x617df000 	C:\Program Files (x86)\Arduino\java\bin\msvcr100.dll
0x61340000 - 0x61713000 	C:\Program Files (x86)\Arduino\java\bin\client\jvm.dll
0x75ea0000 - 0x75ea6000 	C:\Windows\System32\PSAPI.DLL
0x66aa0000 - 0x66ac4000 	C:\Windows\SYSTEM32\WINMM.dll
0x74e20000 - 0x74e28000 	C:\Windows\SYSTEM32\VERSION.dll
0x64d50000 - 0x64d58000 	C:\Windows\SYSTEM32\WSOCK32.dll
0x75920000 - 0x7597e000 	C:\Windows\System32\WS2_32.dll
0x66a70000 - 0x66a93000 	C:\Windows\SYSTEM32\winmmbase.dll
0x75500000 - 0x7553b000 	C:\Windows\System32\cfgmgr32.dll
0x62cd0000 - 0x62d00000 	C:\Program Files (x86)\Arduino\java\bin\splashscreen.dll
0x649a0000 - 0x64a1a000 	C:\Windows\system32\uxtheme.dll
0x64a20000 - 0x64a2c000 	C:\Program Files (x86)\Arduino\java\bin\verify.dll
0x61310000 - 0x61332000 	C:\Program Files (x86)\Arduino\java\bin\java.dll
0x75ee0000 - 0x75fe3000 	C:\Windows\System32\MSCTF.dll
0x771e0000 - 0x77272000 	C:\Windows\System32\OLEAUT32.dll
0x612f0000 - 0x61304000 	C:\Program Files (x86)\Arduino\java\bin\zip.dll
0x761b0000 - 0x761bf000 	C:\Windows\System32\kernel.appcore.dll
0x61260000 - 0x612e4000 	C:\Windows\System32\TextInputFramework.dll
0x61f30000 - 0x61fb9000 	C:\Windows\System32\CoreMessaging.dll
0x61bf0000 - 0x61e4e000 	C:\Windows\System32\CoreUIComponents.dll
0x770a0000 - 0x77124000 	C:\Windows\System32\SHCORE.dll
0x74d00000 - 0x74d29000 	C:\Windows\SYSTEM32\ntmarta.dll
0x61e50000 - 0x61f2a000 	C:\Windows\SYSTEM32\wintypes.dll
0x61030000 - 0x6125a000 	C:\Windows\System32\iertutil.dll
0x762f0000 - 0x7686a000 	C:\Windows\System32\SHELL32.dll
0x77290000 - 0x77851000 	C:\Windows\System32\windows.storage.dll
0x753e0000 - 0x753fb000 	C:\Windows\System32\profapi.dll
0x75e50000 - 0x75e93000 	C:\Windows\System32\powrprof.dll
0x76870000 - 0x7687d000 	C:\Windows\System32\UMPDC.dll
0x76280000 - 0x762c4000 	C:\Windows\System32\shlwapi.dll
0x771c0000 - 0x771d3000 	C:\Windows\System32\cryptsp.dll
0x61940000 - 0x619b3000 	C:\Program Files (x86)\Arduino\lib\listSerialsj.dll
0x75a00000 - 0x75e49000 	C:\Windows\System32\SETUPAPI.dll
0x771a0000 - 0x771b9000 	C:\Windows\System32\bcrypt.dll
0x61010000 - 0x6102d000 	C:\Program Files (x86)\Arduino\lib\jnidispatch-4.2.2-win32-x86.dll
0x76940000 - 0x76a37000 	C:\Windows\System32\Ole32.dll
0x60ff0000 - 0x61005000 	C:\Program Files (x86)\Arduino\java\bin\net.dll
0x74620000 - 0x74672000 	C:\Windows\system32\mswsock.dll
0x64990000 - 0x6499f000 	C:\Program Files (x86)\Arduino\java\bin\nio.dll
0x60ea0000 - 0x60fe7000 	C:\Program Files (x86)\Arduino\java\bin\awt.dll
0x650d0000 - 0x6516f000 	C:\Windows\SYSTEM32\apphelp.dll
0x64d60000 - 0x64d85000 	C:\Windows\system32\DWMAPI.DLL
0x60e60000 - 0x60e99000 	C:\Program Files (x86)\Arduino\java\bin\fontmanager.dll
0x60d60000 - 0x60e5f000 	C:\Windows\system32\opengl32.dll
0x60d20000 - 0x60d5f000 	C:\Windows\SYSTEM32\GLU32.dll
0x64d90000 - 0x64da9000 	C:\Windows\SYSTEM32\dxcore.dll
0x60ce0000 - 0x60d12000 	C:\Program Files (x86)\Arduino\java\bin\t2k.dll
0x64670000 - 0x6467a000 	C:\Program Files (x86)\Arduino\java\bin\management.dll
0x60cc0000 - 0x60cd1000 	C:\Windows\system32\napinsp.dll
0x60ca0000 - 0x60cb6000 	C:\Windows\system32\pnrpnsp.dll
0x666c0000 - 0x66754000 	C:\Windows\SYSTEM32\DNSAPI.dll
0x76f20000 - 0x76f27000 	C:\Windows\System32\NSI.dll
0x74de0000 - 0x74e12000 	C:\Windows\SYSTEM32\IPHLPAPI.DLL
0x60c90000 - 0x60c9b000 	C:\Windows\System32\winrnr.dll
0x60c70000 - 0x60c86000 	C:\Windows\system32\NLAapi.dll
0x60c60000 - 0x60c70000 	C:\Windows\system32\wshbth.dll
0x665a0000 - 0x665f1000 	C:\Windows\System32\fwpuclnt.dll
0x66590000 - 0x66598000 	C:\Windows\System32\rasadhlp.dll
0x66270000 - 0x66283000 	C:\Windows\SYSTEM32\dhcpcsvc6.DLL
0x662c0000 - 0x662d5000 	C:\Windows\SYSTEM32\dhcpcsvc.DLL
0x66560000 - 0x6658f000 	C:\Windows\system32\rsaenh.dll
0x74440000 - 0x7445e000 	C:\Windows\SYSTEM32\USERENV.dll
0x64f90000 - 0x65003000 	C:\Program Files (x86)\Overwolf\0.157.2.17\win32\OWExplorer.dll
0x75400000 - 0x754fb000 	C:\Windows\System32\CRYPT32.dll
0x77280000 - 0x7728e000 	C:\Windows\System32\MSASN1.dll
0x66290000 - 0x662b3000 	C:\Windows\SYSTEM32\DEVOBJ.dll
0x77860000 - 0x778a6000 	C:\Windows\System32\WINTRUST.dll
0x60c40000 - 0x60c60000 	C:\Program Files (x86)\Arduino\java\bin\sunec.dll
0x60c30000 - 0x60c39000 	C:\Program Files (x86)\Arduino\java\bin\sunmscapi.dll
0x60bc0000 - 0x60c29000 	C:\Program Files (x86)\Arduino\msvcp100.dll
0x60b00000 - 0x60bbe000 	C:\Program Files (x86)\Arduino\msvcr100.dll
0x29050000 - 0x29082000 	C:\Program Files (x86)\Arduino\lib\AStylej.dll
0x60ad0000 - 0x60af4000 	C:\Program Files (x86)\Arduino\java\bin\dcpr.dll
0x75360000 - 0x753e0000 	C:\Windows\System32\clbcatq.dll
0x60960000 - 0x60ac9000 	C:\Windows\SYSTEM32\WindowsCodecs.dll
0x60920000 - 0x60951000 	C:\Windows\system32\dataexchange.dll
0x64db0000 - 0x64f8e000 	C:\Windows\system32\d3d11.dll
0x622e0000 - 0x623a1000 	C:\Windows\system32\dxgi.dll
0x607b0000 - 0x6091a000 	C:\Windows\system32\dcomp.dll
0x605c0000 - 0x607a5000 	C:\Windows\system32\twinapi.appcore.dll
0x605a0000 - 0x605bf000 	C:\Windows\system32\RMCLIENT.dll
0x659d0000 - 0x65a5d000 	C:\Windows\WinSxS\x86_microsoft.windows.common-controls_6595b64144ccf1df_5.82.18362.1139_none_bb61368dec916285\comctl32.dll
0x64000000 - 0x6401b000 	C:\Program Files (x86)\Arduino\lib\jSSC-2.8_x86.dll
0x64a90000 - 0x64c1f000 	C:\Windows\SYSTEM32\dbghelp.dll

VM Arguments:
jvm_args: -Dsun.java2d.d3d=false -Djna.nosys=true -Djna.nounpack=true -Djna.boot.library.name=jnidispatch-4.2.2-win32-x86 -Djna.boot.library.path=C:\Program Files (x86)\Arduino/lib -Djssc.library.path=C:\Program Files (x86)\Arduino/lib -DAPP_DIR=C:\Program Files (x86)\Arduino -Xms128M -Xmx512M -Dfile.encoding=UTF8 -Djava.net.preferIPv4Stack=true 
java_command: processing.app.Base D:\Intern\Indruino-Iot-Project\FW\Tuan\test_analog\test_analog.ino
java_class_path (initial): C:\Program Files (x86)\Arduino\lib\apple.jar;C:\Program Files (x86)\Arduino\lib\arduino-core.jar;C:\Program Files (x86)\Arduino\lib\batik-1.8.jar;C:\Program Files (x86)\Arduino\lib\batik-anim-1.8.jar;C:\Program Files (x86)\Arduino\lib\batik-awt-util-1.8.jar;C:\Program Files (x86)\Arduino\lib\batik-bridge-1.8.jar;C:\Program Files (x86)\Arduino\lib\batik-codec-1.8.jar;C:\Program Files (x86)\Arduino\lib\batik-css-1.8.jar;C:\Program Files (x86)\Arduino\lib\batik-dom-1.8.jar;C:\Program Files (x86)\Arduino\lib\batik-ext-1.8.jar;C:\Program Files (x86)\Arduino\lib\batik-gvt-1.8.jar;C:\Program Files (x86)\Arduino\lib\batik-parser-1.8.jar;C:\Program Files (x86)\Arduino\lib\batik-rasterizer-1.8.jar;C:\Program Files (x86)\Arduino\lib\batik-script-1.8.jar;C:\Program Files (x86)\Arduino\lib\batik-squiggle-1.8.jar;C:\Program Files (x86)\Arduino\lib\batik-svg-dom-1.8.jar;C:\Program Files (x86)\Arduino\lib\batik-svgpp-1.8.jar;C:\Program Files (x86)\Arduino\lib\batik-transcoder-1.8.jar;C:\Program Files (x86)\Arduino\lib\batik-util-1.8.jar;C:\Program Files (x86)\Arduino\lib\batik-xml-1.8.jar;C:\Program Files (x86)\Arduino\lib\bcpg-jdk15on-152.jar;C:\Program Files (x86)\Arduino\lib\bcprov-jdk15on-152.jar;C:\Program Files (x86)\Arduino\lib\commons-codec-1.7.jar;C:\Program Files (x86)\Arduino\lib\commons-compress-1.8.jar;C:\Program Files (x86)\Arduino\lib\commons-exec-1.1.jar;C:\Program Files (x86)\Arduino\lib\commons-httpclient-3.1.jar;C:\Program Files (x86)\Arduino\lib\commons-lang3-3.8.1.jar;C:\Program Files (x86)\Arduino\lib\commons-logging-1.0.4.jar;C:\Program Files (x86)\Arduino\lib\commons-net-3.3.jar;C:\Program Files (x86)\Arduino\lib\commons-io-2.6.jar;C:\Program Files (x86)\Arduino\lib\jackson-annotations-2.9.5.jar;C:\Program Files (x86)\Arduino\lib\jackson-core-2.9.5.jar;C:\Program Files (x86)\Arduino\lib\jackson-databind-2.9.5.jar;C:\Program Files (x86)\Arduino\lib\jackson-module-mrbean-2.9.5.jar;C:\Program Files (x86)\Arduino\lib\java-semver-0.8.
Launcher Type: SUN_STANDARD

Environment Variables:
PATH=C:\Program Files\Common Files\Siemens\Automation\Simatic OAM\bin;C:\Windows\system32;C:\Windows;C:\Windows\System32\Wbem;C:\Windows\System32\WindowsPowerShell\v1.0\;C:\Windows\System32\OpenSSH\;C:\Program Files (x86)\Microsoft SQL Server\Client SDK\ODBC\110\Tools\Binn\;C:\Program Files (x86)\Microsoft SQL Server\120\Tools\Binn\;C:\Program Files (x86)\Microsoft SQL Server\120\DTS\Binn\;C:\Program Files (x86)\Common Files\Siemens\;C:\Program Files (x86)\Common Files\Siemens\Interfaces;C:\Program Files (x86)\Common Files\Siemens\ACE\Interfaces;C:\Program Files\Git\cmd;C:\Program Files\nodejs\;C:\Program Files (x86)\Yarn\bin\;C:\Program Files\PuTTY\;C:\Program Files (x86)\Intel\Intel(R) Management Engine Components\DAL;C:\Program Files\Intel\Intel(R) Management Engine Components\DAL;C:\Users\Dell\AppData\Local\Programs\Python\Python38\Scripts\;C:\Users\Dell\AppData\Local\Programs\Python\Python38\;C:\Users\Dell\AppData\Local\Microsoft\WindowsApps;C:\Users\Dell\AppData\Roaming\npm;C:\Users\Dell\AppData\Local\Yarn\bin;C:\Users\Dell\AppData\Local\Programs\Microsoft VS Code\bin;C:\Program Files (x86)\Arduino\java\bin
USERNAME=Dell
OS=Windows_NT
PROCESSOR_IDENTIFIER=Intel64 Family 6 Model 142 Stepping 10, GenuineIntel



---------------  S Y S T E M  ---------------

OS: Windows 10.0 , 64 bit Build 18362 (10.0.18362.1110)

CPU:total 8 (initial active 8) (4 cores per cpu, 2 threads per core) family 6 model 142 stepping 10, cmov, cx8, fxsr, mmx, sse, sse2, sse3, ssse3, sse4.1, sse4.2, popcnt, avx, avx2, aes, clmul, erms, 3dnowpref, lzcnt, ht, tsc, tscinvbit, bmi1, bmi2, adx

Memory: 4k page, physical 12444448k(7115788k free), swap 14344992k(7499504k free)

vm_info: Java HotSpot(TM) Client VM (25.191-b12) for windows-x86 JRE (1.8.0_191-b12), built on Oct  6 2018 08:34:23 by "java_re" with MS VC++ 10.0 (VS2010)

time: Sat Nov 07 23:02:28 2020
elapsed time: 423 seconds (0d 0h 7m 3s)

